SF:lib/models.dart
DA:14,1
DA:26,1
DA:27,1
DA:28,1
DA:29,1
DA:30,1
DA:31,2
DA:32,1
DA:33,2
DA:34,1
DA:35,1
DA:36,2
DA:40,0
DA:41,0
DA:42,0
DA:43,0
DA:44,0
DA:45,0
DA:46,0
DA:47,0
DA:48,0
DA:49,0
DA:50,0
DA:58,0
DA:60,1
DA:61,1
DA:62,2
DA:63,3
DA:64,3
DA:69,0
DA:70,0
DA:71,0
DA:72,0
DA:83,0
DA:85,1
DA:86,2
DA:87,2
DA:88,2
DA:91,0
DA:92,0
DA:93,0
DA:94,0
DA:95,0
DA:104,1
DA:109,1
DA:110,1
DA:111,1
DA:112,1
DA:116,0
DA:117,0
DA:118,0
DA:119,0
DA:129,1
DA:135,1
DA:136,1
DA:137,1
DA:138,1
DA:139,1
DA:143,0
DA:144,0
DA:145,0
DA:146,0
DA:147,0
LF:63
LH:32
end_of_record
SF:lib/main.dart
DA:3,0
DA:7,1
DA:9,1
DA:11,1
DA:23,1
DA:29,2
DA:42,1
DA:43,1
DA:49,1
DA:50,2
DA:56,2
DA:60,1
DA:68,1
DA:69,1
DA:72,3
DA:74,1
DA:77,1
DA:93,1
DA:94,1
DA:97,1
DA:98,2
DA:99,3
DA:104,1
DA:105,1
DA:107,1
LF:25
LH:24
end_of_record
